<?xml version="1.0" encoding="UTF-8"?>
<!-- Generated by org.testng.reporters.JUnitReportReporter -->
<testsuite hostname="DESKTOP-5966DD6" failures="0" tests="1" name="testClasses.LoginTest" time="19.160" errors="0" timestamp="2024-03-16T14:03:38 IST" skipped="0">
  <testcase classname="testClasses.LoginTest" name="login" time="19.160"/>
</testsuite> <!-- testClasses.LoginTest -->
